[0928/165802.378:ERROR:process_reader_win.cc(151)] SuspendThread: Access is denied. (0x5)
[0928/165802.380:ERROR:exception_snapshot_win.cc(99)] thread ID 3084 not found in process
[0928/165802.380:ERROR:scoped_process_suspend.cc(40)] NtResumeProcess: An attempt was made to access an exiting process. (0xc000010a)
[1001/132032.707:ERROR:process_reader_win.cc(151)] SuspendThread: Access is denied. (0x5)
[1001/132032.709:ERROR:process_reader_win.cc(151)] SuspendThread: Access is denied. (0x5)
[1001/132032.709:ERROR:process_reader_win.cc(151)] SuspendThread: Access is denied. (0x5)
[1001/132032.709:ERROR:process_reader_win.cc(151)] SuspendThread: Access is denied. (0x5)
[1001/132032.709:ERROR:process_reader_win.cc(151)] SuspendThread: Access is denied. (0x5)
[1001/132032.709:ERROR:process_reader_win.cc(151)] SuspendThread: Access is denied. (0x5)
[1001/132032.709:ERROR:process_reader_win.cc(151)] SuspendThread: Access is denied. (0x5)
[1001/132032.709:ERROR:process_reader_win.cc(151)] SuspendThread: Access is denied. (0x5)
[1001/132032.709:ERROR:exception_snapshot_win.cc(99)] thread ID 452 not found in process
[1001/181901.376:ERROR:process_memory_win.cc(73)] ReadMemory at 0x76c60000 of 64 bytes failed: Only part of a ReadProcessMemory or WriteProcessMemory request was completed. (0x12B)
[1001/181901.450:WARNING:pe_image_reader.cc(340)] could not read dos header from C:\Windows\system32\kernel32.dll
[1001/181901.450:ERROR:process_memory_win.cc(73)] ReadMemory at 0x7fefca10000 of 64 bytes failed: Only part of a ReadProcessMemory or WriteProcessMemory request was completed. (0x12B)
[1001/181901.450:WARNING:pe_image_reader.cc(340)] could not read dos header from C:\Windows\system32\KERNELBASE.dll
[1001/181901.450:ERROR:process_memory_win.cc(73)] ReadMemory at 0x7fef5bb0000 of 64 bytes failed: Only part of a ReadProcessMemory or WriteProcessMemory request was completed. (0x12B)
[1001/181901.450:WARNING:pe_image_reader.cc(340)] could not read dos header from C:\Program Files\Google\Chrome\Application\85.0.4183.121\chrome_elf.dll
[1001/181901.451:ERROR:process_memory_win.cc(73)] ReadMemory at 0x7fefbab0000 of 64 bytes failed: Only part of a ReadProcessMemory or WriteProcessMemory request was completed. (0x12B)
[1001/181901.451:WARNING:pe_image_reader.cc(340)] could not read dos header from C:\Windows\system32\VERSION.dll
[1001/181901.451:ERROR:process_memory_win.cc(73)] ReadMemory at 0x7fefd2b0000 of 64 bytes failed: Only part of a ReadProcessMemory or WriteProcessMemory request was completed. (0x12B)
[1001/181901.451:WARNING:pe_image_reader.cc(340)] could not read dos header from C:\Windows\system32\msvcrt.dll
[1001/181901.451:ERROR:process_memory_win.cc(73)] ReadMemory at 0x7fef8e60000 of 64 bytes failed: Only part of a ReadProcessMemory or WriteProcessMemory request was completed. (0x12B)
[1001/181901.451:WARNING:pe_image_reader.cc(340)] could not read dos header from C:\Windows\system32\api-ms-win-core-synch-l1-2-0.DLL
[1001/181901.451:ERROR:process_memory_win.cc(73)] ReadMemory at 0x7fefcd90000 of 64 bytes failed: Only part of a ReadProcessMemory or WriteProcessMemory request was completed. (0x12B)
[1001/181901.451:WARNING:pe_image_reader.cc(340)] could not read dos header from C:\Windows\system32\GDI32.dll
[1001/181901.451:ERROR:process_memory_win.cc(73)] ReadMemory at 0xbd0000 of 64 bytes failed: Only part of a ReadProcessMemory or WriteProcessMemory request was completed. (0x12B)
[1001/181901.451:WARNING:pe_image_reader.cc(340)] could not read dos header from C:\Windows\system32\USER32.dll
[1001/181901.451:ERROR:process_memory_win.cc(73)] ReadMemory at 0x7fefd190000 of 64 bytes failed: Only part of a ReadProcessMemory or WriteProcessMemory request was completed. (0x12B)
[1001/181901.451:WARNING:pe_image_reader.cc(340)] could not read dos header from C:\Windows\system32\LPK.dll
[1001/181901.451:ERROR:process_memory_win.cc(73)] ReadMemory at 0x7fefd350000 of 64 bytes failed: Only part of a ReadProcessMemory or WriteProcessMemory request was completed. (0x12B)
[1001/181901.451:WARNING:pe_image_reader.cc(340)] could not read dos header from C:\Windows\system32\USP10.dll
[1001/181901.451:ERROR:process_memory_win.cc(73)] ReadMemory at 0x7fefde90000 of 64 bytes failed: Only part of a ReadProcessMemory or WriteProcessMemory request was completed. (0x12B)
[1001/181901.451:WARNING:pe_image_reader.cc(340)] could not read dos header from C:\Windows\system32\IMM32.DLL
[1001/181901.452:ERROR:process_memory_win.cc(73)] ReadMemory at 0x7fefce80000 of 64 bytes failed: Only part of a ReadProcessMemory or WriteProcessMemory request was completed. (0x12B)
[1001/181901.452:WARNING:pe_image_reader.cc(340)] could not read dos header from C:\Windows\system32\MSCTF.dll
[1001/181901.452:ERROR:process_memory_win.cc(73)] ReadMemory at 0x7fef7a70000 of 64 bytes failed: Only part of a ReadProcessMemory or WriteProcessMemory request was completed. (0x12B)
[1001/181901.452:WARNING:pe_image_reader.cc(340)] could not read dos header from C:\Windows\system32\WINMM.dll
[1001/181901.452:ERROR:process_memory_win.cc(73)] ReadMemory at 0x7fefd500000 of 64 bytes failed: Only part of a ReadProcessMemory or WriteProcessMemory request was completed. (0x12B)
[1001/181901.452:WARNING:pe_image_reader.cc(340)] could not read dos header from C:\Windows\system32\ADVAPI32.dll
[1001/181901.452:ERROR:process_memory_win.cc(73)] ReadMemory at 0x7fefd440000 of 64 bytes failed: Only part of a ReadProcessMemory or WriteProcessMemory request was completed. (0x12B)
[1001/181901.452:WARNING:pe_image_reader.cc(340)] could not read dos header from C:\Windows\SYSTEM32\sechost.dll
[1001/181901.452:ERROR:process_memory_win.cc(73)] ReadMemory at 0x7fefee60000 of 64 bytes failed: Only part of a ReadProcessMemory or WriteProcessMemory request was completed. (0x12B)
[1001/181901.452:WARNING:pe_image_reader.cc(340)] could not read dos header from C:\Windows\system32\RPCRT4.dll
[1001/181901.452:ERROR:process_memory_win.cc(73)] ReadMemory at 0x7fede3e0000 of 64 bytes failed: Only part of a ReadProcessMemory or WriteProcessMemory request was completed. (0x12B)
[1001/181901.452:WARNING:pe_image_reader.cc(340)] could not read dos header from C:\Program Files\Google\Chrome\Application\85.0.4183.121\chrome.dll
[1001/181901.452:ERROR:process_memory_win.cc(73)] ReadMemory at 0x7fefd990000 of 64 bytes failed: Only part of a ReadProcessMemory or WriteProcessMemory request was completed. (0x12B)
[1001/181901.452:WARNING:pe_image_reader.cc(340)] could not read dos header from C:\Windows\system32\WS2_32.dll
[1001/181901.452:ERROR:process_memory_win.cc(73)] ReadMemory at 0x7fefd1a0000 of 64 bytes failed: Only part of a ReadProcessMemory or WriteProcessMemory request was completed. (0x12B)
[1001/181901.452:WARNING:pe_image_reader.cc(340)] could not read dos header from C:\Windows\system32\NSI.dll
[1001/181901.452:ERROR:process_memory_win.cc(73)] ReadMemory at 0x7fefa370000 of 64 bytes failed: Only part of a ReadProcessMemory or WriteProcessMemory request was completed. (0x12B)
[1001/181901.452:WARNING:pe_image_reader.cc(340)] could not read dos header from C:\Windows\system32\IPHLPAPI.DLL
[1001/181901.452:ERROR:process_memory_win.cc(73)] ReadMemory at 0x7fefa3a0000 of 64 bytes failed: Only part of a ReadProcessMemory or WriteProcessMemory request was completed. (0x12B)
[1001/181901.452:WARNING:pe_image_reader.cc(340)] could not read dos header from C:\Windows\system32\WINNSI.DLL
[1001/181901.453:ERROR:process_memory_win.cc(73)] ReadMemory at 0x7fefd5e0000 of 64 bytes failed: Only part of a ReadProcessMemory or WriteProcessMemory request was completed. (0x12B)
[1001/181901.453:WARNING:pe_image_reader.cc(340)] could not read dos header from C:\Windows\system32\OLEAUT32.dll
[1001/181901.453:ERROR:process_memory_win.cc(73)] ReadMemory at 0x7fefcf90000 of 64 bytes failed: Only part of a ReadProcessMemory or WriteProcessMemory request was completed. (0x12B)
[1001/181901.453:WARNING:pe_image_reader.cc(340)] could not read dos header from C:\Windows\system32\ole32.dll
[1001/181901.453:ERROR:process_memory_win.cc(73)] ReadMemory at 0x7fef5af0000 of 64 bytes failed: Only part of a ReadProcessMemory or WriteProcessMemory request was completed. (0x12B)
[1001/181901.453:WARNING:pe_image_reader.cc(340)] could not read dos header from C:\Windows\system32\UIAutomationCore.DLL
[1001/181901.453:ERROR:process_memory_win.cc(73)] ReadMemory at 0x77030000 of 64 bytes failed: Only part of a ReadProcessMemory or WriteProcessMemory request was completed. (0x12B)
[1001/181901.453:WARNING:pe_image_reader.cc(340)] could not read dos header from C:\Windows\system32\PSAPI.DLL
[1001/181901.453:ERROR:process_memory_win.cc(73)] ReadMemory at 0x7fef2010000 of 64 bytes failed: Only part of a ReadProcessMemory or WriteProcessMemory request was completed. (0x12B)
[1001/181901.453:WARNING:pe_image_reader.cc(340)] could not read dos header from C:\Windows\system32\OLEACC.dll
[1001/181901.453:ERROR:process_memory_win.cc(73)] ReadMemory at 0x7fefc7a0000 of 64 bytes failed: Only part of a ReadProcessMemory or WriteProcessMemory request was completed. (0x12B)
[1001/181901.453:WARNING:pe_image_reader.cc(340)] could not read dos header from C:\Windows\system32\Secur32.dll
[1001/181901.453:ERROR:process_memory_win.cc(73)] ReadMemory at 0x7fefc7d0000 of 64 bytes failed: Only part of a ReadProcessMemory or WriteProcessMemory request was completed. (0x12B)
[1001/181901.453:WARNING:pe_image_reader.cc(340)] could not read dos header from C:\Windows\system32\SSPICLI.DLL
[1001/181901.453:ERROR:process_memory_win.cc(73)] ReadMemory at 0x7fefcd60000 of 64 bytes failed: Only part of a ReadProcessMemory or WriteProcessMemory request was completed. (0x12B)
[1001/181901.453:WARNING:pe_image_reader.cc(340)] could not read dos header from C:\Windows\system32\USERENV.dll
[1001/181901.453:ERROR:process_memory_win.cc(73)] ReadMemory at 0x7fefc9d0000 of 64 bytes failed: Only part of a ReadProcessMemory or WriteProcessMemory request was completed. (0x12B)
[1001/181901.453:WARNING:pe_image_reader.cc(340)] could not read dos header from C:\Windows\system32\profapi.dll
[1001/181901.453:ERROR:process_memory_win.cc(73)] ReadMemory at 0x7fefcd20000 of 64 bytes failed: Only part of a ReadProcessMemory or WriteProcessMemory request was completed. (0x12B)
[1001/181901.454:WARNING:pe_image_reader.cc(340)] could not read dos header from C:\Windows\system32\WINTRUST.dll
[1001/181901.454:ERROR:process_memory_win.cc(73)] ReadMemory at 0x7fefcb00000 of 64 bytes failed: Only part of a ReadProcessMemory or WriteProcessMemory request was completed. (0x12B)
[1001/181901.454:WARNING:pe_image_reader.cc(340)] could not read dos header from C:\Windows\system32\CRYPT32.dll
[1001/181901.454:ERROR:process_memory_win.cc(73)] ReadMemory at 0x7fefc9e0000 of 64 bytes failed: Only part of a ReadProcessMemory or WriteProcessMemory request was completed. (0x12B)
[1001/181901.454:WARNING:pe_image_reader.cc(340)] could not read dos header from C:\Windows\system32\MSASN1.dll
[1001/181901.454:ERROR:process_memory_win.cc(73)] ReadMemory at 0x7fef0dd0000 of 64 bytes failed: Only part of a ReadProcessMemory or WriteProcessMemory request was completed. (0x12B)
[1001/181901.454:WARNING:pe_image_reader.cc(340)] could not read dos header from C:\Windows\system32\DWrite.dll
[1001/181901.454:ERROR:process_memory_win.cc(73)] ReadMemory at 0x7fef8270000 of 64 bytes failed: Only part of a ReadProcessMemory or WriteProcessMemory request was completed. (0x12B)
[1001/181901.454:WARNING:pe_image_reader.cc(340)] could not read dos header from C:\Windows\system32\WINSPOOL.DRV
[1001/181901.454:ERROR:process_memory_win.cc(73)] ReadMemory at 0x7fef7690000 of 64 bytes failed: Only part of a ReadProcessMemory or WriteProcessMemory request was completed. (0x12B)
[1001/181901.454:WARNING:pe_image_reader.cc(340)] could not read dos header from C:\Windows\system32\dbghelp.dll
[1001/181901.454:ERROR:process_memory_win.cc(73)] ReadMemory at 0x7fef9140000 of 64 bytes failed: Only part of a ReadProcessMemory or WriteProcessMemory request was completed. (0x12B)
[1001/181901.454:WARNING:pe_image_reader.cc(340)] could not read dos header from C:\Windows\system32\WINHTTP.dll
[1001/181901.454:ERROR:process_memory_win.cc(73)] ReadMemory at 0x7fef90a0000 of 64 bytes failed: Only part of a ReadProcessMemory or WriteProcessMemory request was completed. (0x12B)
[1001/181901.454:WARNING:pe_image_reader.cc(340)] could not read dos header from C:\Windows\system32\webio.dll
[1001/181901.454:ERROR:process_memory_win.cc(73)] ReadMemory at 0x7fefa1b0000 of 64 bytes failed: Only part of a ReadProcessMemory or WriteProcessMemory request was completed. (0x12B)
[1001/181901.454:WARNING:pe_image_reader.cc(340)] could not read dos header from C:\Windows\system32\dhcpcsvc.DLL
[1001/181901.454:ERROR:process_memory_win.cc(73)] ReadMemory at 0x7fefe0d0000 of 64 bytes failed: Only part of a ReadProcessMemory or WriteProcessMemory request was completed. (0x12B)
[1001/181901.454:WARNING:pe_image_reader.cc(340)] could not read dos header from C:\Windows\system32\SHELL32.dll
[1001/181901.454:ERROR:process_memory_win.cc(73)] ReadMemory at 0x7fefdec0000 of 64 bytes failed: Only part of a ReadProcessMemory or WriteProcessMemory request was completed. (0x12B)
[1001/181901.455:WARNING:pe_image_reader.cc(340)] could not read dos header from C:\Windows\system32\SHLWAPI.dll
[1001/181901.455:ERROR:process_memory_win.cc(73)] ReadMemory at 0x7fefc870000 of 64 bytes failed: Only part of a ReadProcessMemory or WriteProcessMemory request was completed. (0x12B)
[1001/181901.455:WARNING:pe_image_reader.cc(340)] could not read dos header from C:\Windows\system32\cryptbase.dll
[1001/181901.455:ERROR:process_memory_win.cc(73)] ReadMemory at 0x7fefb240000 of 64 bytes failed: Only part of a ReadProcessMemory or WriteProcessMemory request was completed. (0x12B)
[1001/181901.455:WARNING:pe_image_reader.cc(340)] could not read dos header from C:\Windows\system32\uxtheme.dll
[1001/181901.540:ERROR:process_memory_win.cc(73)] ReadMemory at 0x13f940000 of 64 bytes failed: Only part of a ReadProcessMemory or WriteProcessMemory request was completed. (0x12B)
[1001/181901.540:WARNING:pe_image_reader.cc(340)] could not read dos header from C:\Program Files\Google\Chrome\Application\chrome.exe
[1001/181901.541:ERROR:process_memory_win.cc(73)] ReadMemory at 0x76e80000 of 64 bytes failed: Only part of a ReadProcessMemory or WriteProcessMemory request was completed. (0x12B)
[1001/181901.541:WARNING:pe_image_reader.cc(340)] could not read dos header from C:\Windows\SYSTEM32\ntdll.dll
[1001/181901.541:ERROR:process_memory_win.cc(73)] ReadMemory at 0x76c60000 of 64 bytes failed: Only part of a ReadProcessMemory or WriteProcessMemory request was completed. (0x12B)
[1001/181901.541:WARNING:pe_image_reader.cc(340)] could not read dos header from C:\Windows\system32\kernel32.dll
[1001/181901.541:ERROR:process_memory_win.cc(73)] ReadMemory at 0x7fefca10000 of 64 bytes failed: Only part of a ReadProcessMemory or WriteProcessMemory request was completed. (0x12B)
[1001/181901.541:WARNING:pe_image_reader.cc(340)] could not read dos header from C:\Windows\system32\KERNELBASE.dll
[1001/181901.541:ERROR:process_memory_win.cc(73)] ReadMemory at 0x7fef5bb0000 of 64 bytes failed: Only part of a ReadProcessMemory or WriteProcessMemory request was completed. (0x12B)
[1001/181901.541:WARNING:pe_image_reader.cc(340)] could not read dos header from C:\Program Files\Google\Chrome\Application\85.0.4183.121\chrome_elf.dll
[1001/181901.541:ERROR:process_memory_win.cc(73)] ReadMemory at 0x7fefbab0000 of 64 bytes failed: Only part of a ReadProcessMemory or WriteProcessMemory request was completed. (0x12B)
[1001/181901.541:WARNING:pe_image_reader.cc(340)] could not read dos header from C:\Windows\system32\VERSION.dll
[1001/181901.541:ERROR:process_memory_win.cc(73)] ReadMemory at 0x7fefd2b0000 of 64 bytes failed: Only part of a ReadProcessMemory or WriteProcessMemory request was completed. (0x12B)
[1001/181901.541:WARNING:pe_image_reader.cc(340)] could not read dos header from C:\Windows\system32\msvcrt.dll
[1001/181901.541:ERROR:process_memory_win.cc(73)] ReadMemory at 0x7fef8e60000 of 64 bytes failed: Only part of a ReadProcessMemory or WriteProcessMemory request was completed. (0x12B)
[1001/181901.541:WARNING:pe_image_reader.cc(340)] could not read dos header from C:\Windows\system32\api-ms-win-core-synch-l1-2-0.DLL
[1001/181901.541:ERROR:process_memory_win.cc(73)] ReadMemory at 0x7fefcd90000 of 64 bytes failed: Only part of a ReadProcessMemory or WriteProcessMemory request was completed. (0x12B)
[1001/181901.541:WARNING:pe_image_reader.cc(340)] could not read dos header from C:\Windows\system32\GDI32.dll
[1001/181901.541:ERROR:process_memory_win.cc(73)] ReadMemory at 0xbd0000 of 64 bytes failed: Only part of a ReadProcessMemory or WriteProcessMemory request was completed. (0x12B)
[1001/181901.541:WARNING:pe_image_reader.cc(340)] could not read dos header from C:\Windows\system32\USER32.dll
[1001/181901.541:ERROR:process_memory_win.cc(73)] ReadMemory at 0x7fefd190000 of 64 bytes failed: Only part of a ReadProcessMemory or WriteProcessMemory request was completed. (0x12B)
[1001/181901.542:WARNING:pe_image_reader.cc(340)] could not read dos header from C:\Windows\system32\LPK.dll
[1001/181901.542:ERROR:process_memory_win.cc(73)] ReadMemory at 0x7fefd350000 of 64 bytes failed: Only part of a ReadProcessMemory or WriteProcessMemory request was completed. (0x12B)
[1001/181901.542:WARNING:pe_image_reader.cc(340)] could not read dos header from C:\Windows\system32\USP10.dll
[1001/181901.542:ERROR:process_memory_win.cc(73)] ReadMemory at 0x7fefde90000 of 64 bytes failed: Only part of a ReadProcessMemory or WriteProcessMemory request was completed. (0x12B)
[1001/181901.542:WARNING:pe_image_reader.cc(340)] could not read dos header from C:\Windows\system32\IMM32.DLL
[1001/181901.542:ERROR:process_memory_win.cc(73)] ReadMemory at 0x7fefce80000 of 64 bytes failed: Only part of a ReadProcessMemory or WriteProcessMemory request was completed. (0x12B)
[1001/181901.542:WARNING:pe_image_reader.cc(340)] could not read dos header from C:\Windows\system32\MSCTF.dll
[1001/181901.542:ERROR:process_memory_win.cc(73)] ReadMemory at 0x7fef7a70000 of 64 bytes failed: Only part of a ReadProcessMemory or WriteProcessMemory request was completed. (0x12B)
[1001/181901.542:WARNING:pe_image_reader.cc(340)] could not read dos header from C:\Windows\system32\WINMM.dll
[1001/181901.542:ERROR:process_memory_win.cc(73)] ReadMemory at 0x7fefd500000 of 64 bytes failed: Only part of a ReadProcessMemory or WriteProcessMemory request was completed. (0x12B)
[1001/181901.542:WARNING:pe_image_reader.cc(340)] could not read dos header from C:\Windows\system32\ADVAPI32.dll
[1001/181901.542:ERROR:process_memory_win.cc(73)] ReadMemory at 0x7fefd440000 of 64 bytes failed: Only part of a ReadProcessMemory or WriteProcessMemory request was completed. (0x12B)
[1001/181901.542:WARNING:pe_image_reader.cc(340)] could not read dos header from C:\Windows\SYSTEM32\sechost.dll
[1001/181901.542:ERROR:process_memory_win.cc(73)] ReadMemory at 0x7fefee60000 of 64 bytes failed: Only part of a ReadProcessMemory or WriteProcessMemory request was completed. (0x12B)
[1001/181901.542:WARNING:pe_image_reader.cc(340)] could not read dos header from C:\Windows\system32\RPCRT4.dll
[1001/181901.542:ERROR:process_memory_win.cc(73)] ReadMemory at 0x7fede3e0000 of 64 bytes failed: Only part of a ReadProcessMemory or WriteProcessMemory request was completed. (0x12B)
[1001/181901.542:WARNING:pe_image_reader.cc(340)] could not read dos header from C:\Program Files\Google\Chrome\Application\85.0.4183.121\chrome.dll
[1001/181901.542:ERROR:process_memory_win.cc(73)] ReadMemory at 0x7fefd990000 of 64 bytes failed: Only part of a ReadProcessMemory or WriteProcessMemory request was completed. (0x12B)
[1001/181901.542:WARNING:pe_image_reader.cc(340)] could not read dos header from C:\Windows\system32\WS2_32.dll
[1001/181901.542:ERROR:process_memory_win.cc(73)] ReadMemory at 0x7fefd1a0000 of 64 bytes failed: Only part of a ReadProcessMemory or WriteProcessMemory request was completed. (0x12B)
[1001/181901.543:WARNING:pe_image_reader.cc(340)] could not read dos header from C:\Windows\system32\NSI.dll
[1001/181901.543:ERROR:process_memory_win.cc(73)] ReadMemory at 0x7fefa370000 of 64 bytes failed: Only part of a ReadProcessMemory or WriteProcessMemory request was completed. (0x12B)
[1001/181901.543:WARNING:pe_image_reader.cc(340)] could not read dos header from C:\Windows\system32\IPHLPAPI.DLL
[1001/181901.543:ERROR:process_memory_win.cc(73)] ReadMemory at 0x7fefa3a0000 of 64 bytes failed: Only part of a ReadProcessMemory or WriteProcessMemory request was completed. (0x12B)
[1001/181901.543:WARNING:pe_image_reader.cc(340)] could not read dos header from C:\Windows\system32\WINNSI.DLL
[1001/181901.543:ERROR:process_memory_win.cc(73)] ReadMemory at 0x7fefd5e0000 of 64 bytes failed: Only part of a ReadProcessMemory or WriteProcessMemory request was completed. (0x12B)
[1001/181901.543:WARNING:pe_image_reader.cc(340)] could not read dos header from C:\Windows\system32\OLEAUT32.dll
[1001/181901.543:ERROR:process_memory_win.cc(73)] ReadMemory at 0x7fefcf90000 of 64 bytes failed: Only part of a ReadProcessMemory or WriteProcessMemory request was completed. (0x12B)
[1001/181901.543:WARNING:pe_image_reader.cc(340)] could not read dos header from C:\Windows\system32\ole32.dll
[1001/181901.543:ERROR:process_memory_win.cc(73)] ReadMemory at 0x7fef5af0000 of 64 bytes failed: Only part of a ReadProcessMemory or WriteProcessMemory request was completed. (0x12B)
[1001/181901.543:WARNING:pe_image_reader.cc(340)] could not read dos header from C:\Windows\system32\UIAutomationCore.DLL
[1001/181901.543:ERROR:process_memory_win.cc(73)] ReadMemory at 0x77030000 of 64 bytes failed: Only part of a ReadProcessMemory or WriteProcessMemory request was completed. (0x12B)
[1001/181901.543:WARNING:pe_image_reader.cc(340)] could not read dos header from C:\Windows\system32\PSAPI.DLL
[1001/181901.543:ERROR:process_memory_win.cc(73)] ReadMemory at 0x7fef2010000 of 64 bytes failed: Only part of a ReadProcessMemory or WriteProcessMemory request was completed. (0x12B)
[1001/181901.543:WARNING:pe_image_reader.cc(340)] could not read dos header from C:\Windows\system32\OLEACC.dll
[1001/181901.543:ERROR:process_memory_win.cc(73)] ReadMemory at 0x7fefc7a0000 of 64 bytes failed: Only part of a ReadProcessMemory or WriteProcessMemory request was completed. (0x12B)
[1001/181901.543:WARNING:pe_image_reader.cc(340)] could not read dos header from C:\Windows\system32\Secur32.dll
[1001/181901.544:ERROR:process_memory_win.cc(73)] ReadMemory at 0x7fefc7d0000 of 64 bytes failed: Only part of a ReadProcessMemory or WriteProcessMemory request was completed. (0x12B)
[1001/181901.544:WARNING:pe_image_reader.cc(340)] could not read dos header from C:\Windows\system32\SSPICLI.DLL
[1001/181901.544:ERROR:process_memory_win.cc(73)] ReadMemory at 0x7fefcd60000 of 64 bytes failed: Only part of a ReadProcessMemory or WriteProcessMemory request was completed. (0x12B)
[1001/181901.544:WARNING:pe_image_reader.cc(340)] could not read dos header from C:\Windows\system32\USERENV.dll
[1001/181901.544:ERROR:process_memory_win.cc(73)] ReadMemory at 0x7fefc9d0000 of 64 bytes failed: Only part of a ReadProcessMemory or WriteProcessMemory request was completed. (0x12B)
[1001/181901.544:WARNING:pe_image_reader.cc(340)] could not read dos header from C:\Windows\system32\profapi.dll
[1001/181901.544:ERROR:process_memory_win.cc(73)] ReadMemory at 0x7fefcd20000 of 64 bytes failed: Only part of a ReadProcessMemory or WriteProcessMemory request was completed. (0x12B)
[1001/181901.544:WARNING:pe_image_reader.cc(340)] could not read dos header from C:\Windows\system32\WINTRUST.dll
[1001/181901.544:ERROR:process_memory_win.cc(73)] ReadMemory at 0x7fefcb00000 of 64 bytes failed: Only part of a ReadProcessMemory or WriteProcessMemory request was completed. (0x12B)
[1001/181901.544:WARNING:pe_image_reader.cc(340)] could not read dos header from C:\Windows\system32\CRYPT32.dll
[1001/181901.544:ERROR:process_memory_win.cc(73)] ReadMemory at 0x7fefc9e0000 of 64 bytes failed: Only part of a ReadProcessMemory or WriteProcessMemory request was completed. (0x12B)
[1001/181901.544:WARNING:pe_image_reader.cc(340)] could not read dos header from C:\Windows\system32\MSASN1.dll
[1001/181901.544:ERROR:process_memory_win.cc(73)] ReadMemory at 0x7fef0dd0000 of 64 bytes failed: Only part of a ReadProcessMemory or WriteProcessMemory request was completed. (0x12B)
[1001/181901.544:WARNING:pe_image_reader.cc(340)] could not read dos header from C:\Windows\system32\DWrite.dll
[1001/181901.544:ERROR:process_memory_win.cc(73)] ReadMemory at 0x7fef8270000 of 64 bytes failed: Only part of a ReadProcessMemory or WriteProcessMemory request was completed. (0x12B)
[1001/181901.544:WARNING:pe_image_reader.cc(340)] could not read dos header from C:\Windows\system32\WINSPOOL.DRV
[1001/181901.544:ERROR:process_memory_win.cc(73)] ReadMemory at 0x7fef7690000 of 64 bytes failed: Only part of a ReadProcessMemory or WriteProcessMemory request was completed. (0x12B)
[1001/181901.544:WARNING:pe_image_reader.cc(340)] could not read dos header from C:\Windows\system32\dbghelp.dll
[1001/181901.544:ERROR:process_memory_win.cc(73)] ReadMemory at 0x7fef9140000 of 64 bytes failed: Only part of a ReadProcessMemory or WriteProcessMemory request was completed. (0x12B)
[1001/181901.544:WARNING:pe_image_reader.cc(340)] could not read dos header from C:\Windows\system32\WINHTTP.dll
[1001/181901.545:ERROR:process_memory_win.cc(73)] ReadMemory at 0x7fef90a0000 of 64 bytes failed: Only part of a ReadProcessMemory or WriteProcessMemory request was completed. (0x12B)
[1001/181901.545:WARNING:pe_image_reader.cc(340)] could not read dos header from C:\Windows\system32\webio.dll
[1001/181901.545:ERROR:process_memory_win.cc(73)] ReadMemory at 0x7fefa1b0000 of 64 bytes failed: Only part of a ReadProcessMemory or WriteProcessMemory request was completed. (0x12B)
[1001/181901.545:WARNING:pe_image_reader.cc(340)] could not read dos header from C:\Windows\system32\dhcpcsvc.DLL
[1001/181901.545:ERROR:process_memory_win.cc(73)] ReadMemory at 0x7fefe0d0000 of 64 bytes failed: Only part of a ReadProcessMemory or WriteProcessMemory request was completed. (0x12B)
[1001/181901.545:WARNING:pe_image_reader.cc(340)] could not read dos header from C:\Windows\system32\SHELL32.dll
[1001/181901.545:ERROR:process_memory_win.cc(73)] ReadMemory at 0x7fefdec0000 of 64 bytes failed: Only part of a ReadProcessMemory or WriteProcessMemory request was completed. (0x12B)
[1001/181901.545:WARNING:pe_image_reader.cc(340)] could not read dos header from C:\Windows\system32\SHLWAPI.dll
[1001/181901.545:ERROR:process_memory_win.cc(73)] ReadMemory at 0x7fefc870000 of 64 bytes failed: Only part of a ReadProcessMemory or WriteProcessMemory request was completed. (0x12B)
[1001/181901.545:WARNING:pe_image_reader.cc(340)] could not read dos header from C:\Windows\system32\cryptbase.dll
[1001/181901.545:ERROR:process_memory_win.cc(73)] ReadMemory at 0x7fefb240000 of 64 bytes failed: Only part of a ReadProcessMemory or WriteProcessMemory request was completed. (0x12B)
[1001/181901.545:WARNING:pe_image_reader.cc(340)] could not read dos header from C:\Windows\system32\uxtheme.dll
[1001/181901.545:ERROR:process_memory_win.cc(73)] ReadMemory at 0x13f940000 of 64 bytes failed: Only part of a ReadProcessMemory or WriteProcessMemory request was completed. (0x12B)
[1001/181901.545:WARNING:pe_image_reader.cc(340)] could not read dos header from C:\Program Files\Google\Chrome\Application\chrome.exe
[1001/181901.545:ERROR:process_memory_win.cc(73)] ReadMemory at 0x76e80000 of 64 bytes failed: Only part of a ReadProcessMemory or WriteProcessMemory request was completed. (0x12B)
[1001/181901.545:WARNING:pe_image_reader.cc(340)] could not read dos header from C:\Windows\SYSTEM32\ntdll.dll
[1001/181901.545:ERROR:process_memory_win.cc(73)] ReadMemory at 0x76c60000 of 64 bytes failed: Only part of a ReadProcessMemory or WriteProcessMemory request was completed. (0x12B)
[1001/181901.545:WARNING:pe_image_reader.cc(340)] could not read dos header from C:\Windows\system32\kernel32.dll
[1001/181901.545:ERROR:process_memory_win.cc(73)] ReadMemory at 0x7fefca10000 of 64 bytes failed: Only part of a ReadProcessMemory or WriteProcessMemory request was completed. (0x12B)
[1001/181901.545:WARNING:pe_image_reader.cc(340)] could not read dos header from C:\Windows\system32\KERNELBASE.dll
[1001/181901.546:ERROR:process_memory_win.cc(73)] ReadMemory at 0x7fef5bb0000 of 64 bytes failed: Only part of a ReadProcessMemory or WriteProcessMemory request was completed. (0x12B)
[1001/181901.546:WARNING:pe_image_reader.cc(340)] could not read dos header from C:\Program Files\Google\Chrome\Application\85.0.4183.121\chrome_elf.dll
[1001/181901.546:ERROR:process_memory_win.cc(73)] ReadMemory at 0x7fefbab0000 of 64 bytes failed: Only part of a ReadProcessMemory or WriteProcessMemory request was completed. (0x12B)
[1001/181901.546:WARNING:pe_image_reader.cc(340)] could not read dos header from C:\Windows\system32\VERSION.dll
[1001/181901.546:ERROR:process_memory_win.cc(73)] ReadMemory at 0x7fefd2b0000 of 64 bytes failed: Only part of a ReadProcessMemory or WriteProcessMemory request was completed. (0x12B)
[1001/181901.546:WARNING:pe_image_reader.cc(340)] could not read dos header from C:\Windows\system32\msvcrt.dll
[1001/181901.546:ERROR:process_memory_win.cc(73)] ReadMemory at 0x7fef8e60000 of 64 bytes failed: Only part of a ReadProcessMemory or WriteProcessMemory request was completed. (0x12B)
[1001/181901.546:WARNING:pe_image_reader.cc(340)] could not read dos header from C:\Windows\system32\api-ms-win-core-synch-l1-2-0.DLL
[1001/181901.546:ERROR:process_memory_win.cc(73)] ReadMemory at 0x7fefcd90000 of 64 bytes failed: Only part of a ReadProcessMemory or WriteProcessMemory request was completed. (0x12B)
[1001/181901.546:WARNING:pe_image_reader.cc(340)] could not read dos header from C:\Windows\system32\GDI32.dll
[1001/181901.546:ERROR:process_memory_win.cc(73)] ReadMemory at 0xbd0000 of 64 bytes failed: Only part of a ReadProcessMemory or WriteProcessMemory request was completed. (0x12B)
[1001/181901.546:WARNING:pe_image_reader.cc(340)] could not read dos header from C:\Windows\system32\USER32.dll
[1001/181901.546:ERROR:process_memory_win.cc(73)] ReadMemory at 0x7fefd190000 of 64 bytes failed: Only part of a ReadProcessMemory or WriteProcessMemory request was completed. (0x12B)
[1001/181901.546:WARNING:pe_image_reader.cc(340)] could not read dos header from C:\Windows\system32\LPK.dll
[1001/181901.546:ERROR:process_memory_win.cc(73)] ReadMemory at 0x7fefd350000 of 64 bytes failed: Only part of a ReadProcessMemory or WriteProcessMemory request was completed. (0x12B)
[1001/181901.546:WARNING:pe_image_reader.cc(340)] could not read dos header from C:\Windows\system32\USP10.dll
[1001/181901.546:ERROR:process_memory_win.cc(73)] ReadMemory at 0x7fefde90000 of 64 bytes failed: Only part of a ReadProcessMemory or WriteProcessMemory request was completed. (0x12B)
[1001/181901.546:WARNING:pe_image_reader.cc(340)] could not read dos header from C:\Windows\system32\IMM32.DLL
[1001/181901.546:ERROR:process_memory_win.cc(73)] ReadMemory at 0x7fefce80000 of 64 bytes failed: Only part of a ReadProcessMemory or WriteProcessMemory request was completed. (0x12B)
[1001/181901.547:WARNING:pe_image_reader.cc(340)] could not read dos header from C:\Windows\system32\MSCTF.dll
[1001/181901.547:ERROR:process_memory_win.cc(73)] ReadMemory at 0x7fef7a70000 of 64 bytes failed: Only part of a ReadProcessMemory or WriteProcessMemory request was completed. (0x12B)
[1001/181901.547:WARNING:pe_image_reader.cc(340)] could not read dos header from C:\Windows\system32\WINMM.dll
[1001/181901.547:ERROR:process_memory_win.cc(73)] ReadMemory at 0x7fefd500000 of 64 bytes failed: Only part of a ReadProcessMemory or WriteProcessMemory request was completed. (0x12B)
[1001/181901.547:WARNING:pe_image_reader.cc(340)] could not read dos header from C:\Windows\system32\ADVAPI32.dll
[1001/181901.547:ERROR:process_memory_win.cc(73)] ReadMemory at 0x7fefd440000 of 64 bytes failed: Only part of a ReadProcessMemory or WriteProcessMemory request was completed. (0x12B)
[1001/181901.547:WARNING:pe_image_reader.cc(340)] could not read dos header from C:\Windows\SYSTEM32\sechost.dll
[1001/181901.547:ERROR:process_memory_win.cc(73)] ReadMemory at 0x7fefee60000 of 64 bytes failed: Only part of a ReadProcessMemory or WriteProcessMemory request was completed. (0x12B)
[1001/181901.547:WARNING:pe_image_reader.cc(340)] could not read dos header from C:\Windows\system32\RPCRT4.dll
[1001/181901.547:ERROR:process_memory_win.cc(73)] ReadMemory at 0x7fede3e0000 of 64 bytes failed: Only part of a ReadProcessMemory or WriteProcessMemory request was completed. (0x12B)
[1001/181901.547:WARNING:pe_image_reader.cc(340)] could not read dos header from C:\Program Files\Google\Chrome\Application\85.0.4183.121\chrome.dll
[1001/181901.547:ERROR:process_memory_win.cc(73)] ReadMemory at 0x7fefd990000 of 64 bytes failed: Only part of a ReadProcessMemory or WriteProcessMemory request was completed. (0x12B)
[1001/181901.547:WARNING:pe_image_reader.cc(340)] could not read dos header from C:\Windows\system32\WS2_32.dll
[1001/181901.547:ERROR:process_memory_win.cc(73)] ReadMemory at 0x7fefd1a0000 of 64 bytes failed: Only part of a ReadProcessMemory or WriteProcessMemory request was completed. (0x12B)
[1001/181901.547:WARNING:pe_image_reader.cc(340)] could not read dos header from C:\Windows\system32\NSI.dll
[1001/181901.547:ERROR:process_memory_win.cc(73)] ReadMemory at 0x7fefa370000 of 64 bytes failed: Only part of a ReadProcessMemory or WriteProcessMemory request was completed. (0x12B)
[1001/181901.547:WARNING:pe_image_reader.cc(340)] could not read dos header from C:\Windows\system32\IPHLPAPI.DLL
[1001/181901.547:ERROR:process_memory_win.cc(73)] ReadMemory at 0x7fefa3a0000 of 64 bytes failed: Only part of a ReadProcessMemory or WriteProcessMemory request was completed. (0x12B)
[1001/181901.547:WARNING:pe_image_reader.cc(340)] could not read dos header from C:\Windows\system32\WINNSI.DLL
[1001/181901.548:ERROR:process_memory_win.cc(73)] ReadMemory at 0x7fefd5e0000 of 64 bytes failed: Only part of a ReadProcessMemory or WriteProcessMemory request was completed. (0x12B)
[1001/181901.548:WARNING:pe_image_reader.cc(340)] could not read dos header from C:\Windows\system32\OLEAUT32.dll
[1001/181901.548:ERROR:process_memory_win.cc(73)] ReadMemory at 0x7fefcf90000 of 64 bytes failed: Only part of a ReadProcessMemory or WriteProcessMemory request was completed. (0x12B)
[1001/181901.548:WARNING:pe_image_reader.cc(340)] could not read dos header from C:\Windows\system32\ole32.dll
[1001/181901.548:ERROR:process_memory_win.cc(73)] ReadMemory at 0x7fef5af0000 of 64 bytes failed: Only part of a ReadProcessMemory or WriteProcessMemory request was completed. (0x12B)
[1001/181901.548:WARNING:pe_image_reader.cc(340)] could not read dos header from C:\Windows\system32\UIAutomationCore.DLL
[1001/181901.548:ERROR:process_memory_win.cc(73)] ReadMemory at 0x77030000 of 64 bytes failed: Only part of a ReadProcessMemory or WriteProcessMemory request was completed. (0x12B)
[1001/181901.548:WARNING:pe_image_reader.cc(340)] could not read dos header from C:\Windows\system32\PSAPI.DLL
[1001/181901.548:ERROR:process_memory_win.cc(73)] ReadMemory at 0x7fef2010000 of 64 bytes failed: Only part of a ReadProcessMemory or WriteProcessMemory request was completed. (0x12B)
[1001/181901.548:WARNING:pe_image_reader.cc(340)] could not read dos header from C:\Windows\system32\OLEACC.dll
[1001/181901.548:ERROR:process_memory_win.cc(73)] ReadMemory at 0x7fefc7a0000 of 64 bytes failed: Only part of a ReadProcessMemory or WriteProcessMemory request was completed. (0x12B)
[1001/181901.548:WARNING:pe_image_reader.cc(340)] could not read dos header from C:\Windows\system32\Secur32.dll
[1001/181901.548:ERROR:process_memory_win.cc(73)] ReadMemory at 0x7fefc7d0000 of 64 bytes failed: Only part of a ReadProcessMemory or WriteProcessMemory request was completed. (0x12B)
[1001/181901.548:WARNING:pe_image_reader.cc(340)] could not read dos header from C:\Windows\system32\SSPICLI.DLL
[1001/181901.548:ERROR:process_memory_win.cc(73)] ReadMemory at 0x7fefcd60000 of 64 bytes failed: Only part of a ReadProcessMemory or WriteProcessMemory request was completed. (0x12B)
[1001/181901.548:WARNING:pe_image_reader.cc(340)] could not read dos header from C:\Windows\system32\USERENV.dll
[1001/181901.548:ERROR:process_memory_win.cc(73)] ReadMemory at 0x7fefc9d0000 of 64 bytes failed: Only part of a ReadProcessMemory or WriteProcessMemory request was completed. (0x12B)
[1001/181901.548:WARNING:pe_image_reader.cc(340)] could not read dos header from C:\Windows\system32\profapi.dll
[1001/181901.548:ERROR:process_memory_win.cc(73)] ReadMemory at 0x7fefcd20000 of 64 bytes failed: Only part of a ReadProcessMemory or WriteProcessMemory request was completed. (0x12B)
[1001/181901.548:WARNING:pe_image_reader.cc(340)] could not read dos header from C:\Windows\system32\WINTRUST.dll
[1001/181901.548:ERROR:process_memory_win.cc(73)] ReadMemory at 0x7fefcb00000 of 64 bytes failed: Only part of a ReadProcessMemory or WriteProcessMemory request was completed. (0x12B)
[1001/181901.549:WARNING:pe_image_reader.cc(340)] could not read dos header from C:\Windows\system32\CRYPT32.dll
[1001/181901.549:ERROR:process_memory_win.cc(73)] ReadMemory at 0x7fefc9e0000 of 64 bytes failed: Only part of a ReadProcessMemory or WriteProcessMemory request was completed. (0x12B)
[1001/181901.549:WARNING:pe_image_reader.cc(340)] could not read dos header from C:\Windows\system32\MSASN1.dll
[1001/181901.549:ERROR:process_memory_win.cc(73)] ReadMemory at 0x7fef0dd0000 of 64 bytes failed: Only part of a ReadProcessMemory or WriteProcessMemory request was completed. (0x12B)
[1001/181901.549:WARNING:pe_image_reader.cc(340)] could not read dos header from C:\Windows\system32\DWrite.dll
[1001/181901.549:ERROR:process_memory_win.cc(73)] ReadMemory at 0x7fef8270000 of 64 bytes failed: Only part of a ReadProcessMemory or WriteProcessMemory request was completed. (0x12B)
[1001/181901.549:WARNING:pe_image_reader.cc(340)] could not read dos header from C:\Windows\system32\WINSPOOL.DRV
[1001/181901.549:ERROR:process_memory_win.cc(73)] ReadMemory at 0x7fef7690000 of 64 bytes failed: Only part of a ReadProcessMemory or WriteProcessMemory request was completed. (0x12B)
[1001/181901.549:WARNING:pe_image_reader.cc(340)] could not read dos header from C:\Windows\system32\dbghelp.dll
[1001/181901.549:ERROR:process_memory_win.cc(73)] ReadMemory at 0x7fef9140000 of 64 bytes failed: Only part of a ReadProcessMemory or WriteProcessMemory request was completed. (0x12B)
[1001/181901.549:WARNING:pe_image_reader.cc(340)] could not read dos header from C:\Windows\system32\WINHTTP.dll
[1001/181901.549:ERROR:process_memory_win.cc(73)] ReadMemory at 0x7fef90a0000 of 64 bytes failed: Only part of a ReadProcessMemory or WriteProcessMemory request was completed. (0x12B)
[1001/181901.549:WARNING:pe_image_reader.cc(340)] could not read dos header from C:\Windows\system32\webio.dll
[1001/181901.549:ERROR:process_memory_win.cc(73)] ReadMemory at 0x7fefa1b0000 of 64 bytes failed: Only part of a ReadProcessMemory or WriteProcessMemory request was completed. (0x12B)
[1001/181901.549:WARNING:pe_image_reader.cc(340)] could not read dos header from C:\Windows\system32\dhcpcsvc.DLL
[1001/181901.549:ERROR:process_memory_win.cc(73)] ReadMemory at 0x7fefe0d0000 of 64 bytes failed: Only part of a ReadProcessMemory or WriteProcessMemory request was completed. (0x12B)
[1001/181901.549:WARNING:pe_image_reader.cc(340)] could not read dos header from C:\Windows\system32\SHELL32.dll
[1001/181901.549:ERROR:process_memory_win.cc(73)] ReadMemory at 0x7fefdec0000 of 64 bytes failed: Only part of a ReadProcessMemory or WriteProcessMemory request was completed. (0x12B)
[1001/181901.549:WARNING:pe_image_reader.cc(340)] could not read dos header from C:\Windows\system32\SHLWAPI.dll
[1001/181901.549:ERROR:process_memory_win.cc(73)] ReadMemory at 0x7fefc870000 of 64 bytes failed: Only part of a ReadProcessMemory or WriteProcessMemory request was completed. (0x12B)
[1001/181901.549:WARNING:pe_image_reader.cc(340)] could not read dos header from C:\Windows\system32\cryptbase.dll
[1001/181901.550:ERROR:process_memory_win.cc(73)] ReadMemory at 0x7fefb240000 of 64 bytes failed: Only part of a ReadProcessMemory or WriteProcessMemory request was completed. (0x12B)
[1001/181901.550:WARNING:pe_image_reader.cc(340)] could not read dos header from C:\Windows\system32\uxtheme.dll
[1001/181901.564:ERROR:process_memory_win.cc(73)] ReadMemory at 0x980000 of 131072 bytes failed: Only part of a ReadProcessMemory or WriteProcessMemory request was completed. (0x12B)
[1001/181901.565:ERROR:process_memory_win.cc(73)] ReadMemory at 0x357d000 of 12288 bytes failed: Only part of a ReadProcessMemory or WriteProcessMemory request was completed. (0x12B)
[1001/181901.565:ERROR:process_memory_win.cc(73)] ReadMemory at 0x3d77000 of 36864 bytes failed: Only part of a ReadProcessMemory or WriteProcessMemory request was completed. (0x12B)
[1001/181901.565:ERROR:process_memory_win.cc(73)] ReadMemory at 0x471c000 of 16384 bytes failed: Only part of a ReadProcessMemory or WriteProcessMemory request was completed. (0x12B)
[1001/181901.565:ERROR:process_memory_win.cc(73)] ReadMemory at 0x505c000 of 16384 bytes failed: Only part of a ReadProcessMemory or WriteProcessMemory request was completed. (0x12B)
[1001/181901.565:ERROR:process_memory_win.cc(73)] ReadMemory at 0x59bf000 of 4096 bytes failed: Only part of a ReadProcessMemory or WriteProcessMemory request was completed. (0x12B)
[1001/181901.565:ERROR:process_memory_win.cc(73)] ReadMemory at 0x620e000 of 8192 bytes failed: Only part of a ReadProcessMemory or WriteProcessMemory request was completed. (0x12B)
[1001/181901.565:ERROR:process_memory_win.cc(73)] ReadMemory at 0x6bed000 of 12288 bytes failed: Only part of a ReadProcessMemory or WriteProcessMemory request was completed. (0x12B)
[1001/181901.566:ERROR:process_memory_win.cc(73)] ReadMemory at 0x776b000 of 20480 bytes failed: Only part of a ReadProcessMemory or WriteProcessMemory request was completed. (0x12B)
[1001/181901.566:ERROR:process_memory_win.cc(73)] ReadMemory at 0x7ffb000 of 20480 bytes failed: Only part of a ReadProcessMemory or WriteProcessMemory request was completed. (0x12B)
[1001/181901.566:ERROR:process_memory_win.cc(73)] ReadMemory at 0x8b2a000 of 24576 bytes failed: Only part of a ReadProcessMemory or WriteProcessMemory request was completed. (0x12B)
[1001/181901.566:ERROR:process_memory_win.cc(73)] ReadMemory at 0x943a000 of 24576 bytes failed: Only part of a ReadProcessMemory or WriteProcessMemory request was completed. (0x12B)
[1001/181901.566:ERROR:process_memory_win.cc(73)] ReadMemory at 0xa587000 of 36864 bytes failed: Only part of a ReadProcessMemory or WriteProcessMemory request was completed. (0x12B)
[1001/181901.566:ERROR:process_memory_win.cc(73)] ReadMemory at 0xb65c000 of 16384 bytes failed: Only part of a ReadProcessMemory or WriteProcessMemory request was completed. (0x12B)
[1001/181901.566:ERROR:process_memory_win.cc(73)] ReadMemory at 0x12e6d000 of 12288 bytes failed: Only part of a ReadProcessMemory or WriteProcessMemory request was completed. (0x12B)
[1001/181901.566:ERROR:process_memory_win.cc(73)] ReadMemory at 0x40000 of 384 bytes failed: Only part of a ReadProcessMemory or WriteProcessMemory request was completed. (0x12B)
[1001/181901.567:ERROR:process_memory_win.cc(73)] ReadMemory at 0xad1320 of 3888 bytes failed: Only part of a ReadProcessMemory or WriteProcessMemory request was completed. (0x12B)
[1001/181901.567:ERROR:process_memory_win.cc(73)] ReadMemory at 0xad2260 of 1012 bytes failed: Only part of a ReadProcessMemory or WriteProcessMemory request was completed. (0x12B)
[1001/181901.567:ERROR:process_memory_win.cc(73)] ReadMemory at 0xad2868 of 1172 bytes failed: Only part of a ReadProcessMemory or WriteProcessMemory request was completed. (0x12B)
[1001/181901.567:ERROR:process_memory_win.cc(73)] ReadMemory at 0xad2cfe of 106 bytes failed: Only part of a ReadProcessMemory or WriteProcessMemory request was completed. (0x12B)
[1001/181901.567:ERROR:process_memory_win.cc(73)] ReadMemory at 0xad2d6a of 1094 bytes failed: Only part of a ReadProcessMemory or WriteProcessMemory request was completed. (0x12B)
[1001/181901.567:ERROR:process_memory_win.cc(73)] ReadMemory at 0xad31b2 of 106 bytes failed: Only part of a ReadProcessMemory or WriteProcessMemory request was completed. (0x12B)
[1001/181901.567:ERROR:process_memory_win.cc(73)] ReadMemory at 0xad321e of 96 bytes failed: Only part of a ReadProcessMemory or WriteProcessMemory request was completed. (0x12B)
[1001/181901.567:ERROR:process_memory_win.cc(73)] ReadMemory at 0xad3290 of 58 bytes failed: Only part of a ReadProcessMemory or WriteProcessMemory request was completed. (0x12B)
[1001/181901.567:ERROR:process_memory_win.cc(73)] ReadMemory at 0xad3320 of 132 bytes failed: Only part of a ReadProcessMemory or WriteProcessMemory request was completed. (0x12B)
[1001/181901.567:ERROR:process_memory_win.cc(73)] ReadMemory at 0xad3410 of 132 bytes failed: Only part of a ReadProcessMemory or WriteProcessMemory request was completed. (0x12B)
[1001/181901.567:ERROR:process_memory_win.cc(73)] ReadMemory at 0xad3528 of 114 bytes failed: Only part of a ReadProcessMemory or WriteProcessMemory request was completed. (0x12B)
[1001/181901.568:ERROR:process_memory_win.cc(73)] ReadMemory at 0xad3810 of 64 bytes failed: Only part of a ReadProcessMemory or WriteProcessMemory request was completed. (0x12B)
[1001/181901.568:ERROR:process_memory_win.cc(73)] ReadMemory at 0xad3860 of 132 bytes failed: Only part of a ReadProcessMemory or WriteProcessMemory request was completed. (0x12B)
[1001/181901.568:ERROR:process_memory_win.cc(73)] ReadMemory at 0xad3980 of 68 bytes failed: Only part of a ReadProcessMemory or WriteProcessMemory request was completed. (0x12B)
[1001/181901.568:ERROR:process_memory_win.cc(73)] ReadMemory at 0xad39d0 of 132 bytes failed: Only part of a ReadProcessMemory or WriteProcessMemory request was completed. (0x12B)
[1001/181901.568:ERROR:process_memory_win.cc(73)] ReadMemory at 0xad4bd0 of 142 bytes failed: Only part of a ReadProcessMemory or WriteProcessMemory request was completed. (0x12B)
[1001/181901.568:ERROR:process_memory_win.cc(73)] ReadMemory at 0xad4c70 of 132 bytes failed: Only part of a ReadProcessMemory or WriteProcessMemory request was completed. (0x12B)
[1001/181901.568:ERROR:process_memory_win.cc(73)] ReadMemory at 0xad53f0 of 60 bytes failed: Only part of a ReadProcessMemory or WriteProcessMemory request was completed. (0x12B)
[1001/181901.568:ERROR:process_memory_win.cc(73)] ReadMemory at 0xad5440 of 132 bytes failed: Only part of a ReadProcessMemory or WriteProcessMemory request was completed. (0x12B)
[1001/181901.568:ERROR:process_memory_win.cc(73)] ReadMemory at 0xad56c0 of 62 bytes failed: Only part of a ReadProcessMemory or WriteProcessMemory request was completed. (0x12B)
[1001/181901.568:ERROR:process_memory_win.cc(73)] ReadMemory at 0xad5710 of 132 bytes failed: Only part of a ReadProcessMemory or WriteProcessMemory request was completed. (0x12B)
[1001/181901.568:ERROR:process_memory_win.cc(73)] ReadMemory at 0xad9290 of 512 bytes failed: Only part of a ReadProcessMemory or WriteProcessMemory request was completed. (0x12B)
[1001/181901.569:ERROR:process_memory_win.cc(73)] ReadMemory at 0xae57b0 of 704 bytes failed: Only part of a ReadProcessMemory or WriteProcessMemory request was completed. (0x12B)
[1001/181901.569:ERROR:process_memory_win.cc(73)] ReadMemory at 0xaf8600 of 104 bytes failed: Only part of a ReadProcessMemory or WriteProcessMemory request was completed. (0x12B)
[1001/181901.569:ERROR:process_memory_win.cc(73)] ReadMemory at 0xaf8680 of 132 bytes failed: Only part of a ReadProcessMemory or WriteProcessMemory request was completed. (0x12B)
[1001/181901.569:ERROR:process_memory_win.cc(73)] ReadMemory at 0xafe970 of 512 bytes failed: Only part of a ReadProcessMemory or WriteProcessMemory request was completed. (0x12B)
[1001/181901.569:ERROR:process_memory_win.cc(73)] ReadMemory at 0xaffe90 of 62 bytes failed: Only part of a ReadProcessMemory or WriteProcessMemory request was completed. (0x12B)
[1001/181901.569:ERROR:process_memory_win.cc(73)] ReadMemory at 0xaffee0 of 64 bytes failed: Only part of a ReadProcessMemory or WriteProcessMemory request was completed. (0x12B)
[1001/181901.569:ERROR:process_memory_win.cc(73)] ReadMemory at 0xafff30 of 58 bytes failed: Only part of a ReadProcessMemory or WriteProcessMemory request was completed. (0x12B)
[1001/181901.569:ERROR:process_memory_win.cc(73)] ReadMemory at 0xafff80 of 60 bytes failed: Only part of a ReadProcessMemory or WriteProcessMemory request was completed. (0x12B)
[1001/181901.569:ERROR:process_memory_win.cc(73)] ReadMemory at 0xafffd0 of 58 bytes failed: Only part of a ReadProcessMemory or WriteProcessMemory request was completed. (0x12B)
[1001/181901.569:ERROR:process_memory_win.cc(73)] ReadMemory at 0xb00020 of 58 bytes failed: Only part of a ReadProcessMemory or WriteProcessMemory request was completed. (0x12B)
[1001/181901.569:ERROR:process_memory_win.cc(73)] ReadMemory at 0xb00070 of 58 bytes failed: Only part of a ReadProcessMemory or WriteProcessMemory request was completed. (0x12B)
[1001/181901.569:ERROR:process_memory_win.cc(73)] ReadMemory at 0xb000c0 of 58 bytes failed: Only part of a ReadProcessMemory or WriteProcessMemory request was completed. (0x12B)
[1001/181901.570:ERROR:process_memory_win.cc(73)] ReadMemory at 0xb00160 of 60 bytes failed: Only part of a ReadProcessMemory or WriteProcessMemory request was completed. (0x12B)
[1001/181901.570:ERROR:process_memory_win.cc(73)] ReadMemory at 0xb001b0 of 60 bytes failed: Only part of a ReadProcessMemory or WriteProcessMemory request was completed. (0x12B)
[1001/181901.570:ERROR:process_memory_win.cc(73)] ReadMemory at 0xb00200 of 64 bytes failed: Only part of a ReadProcessMemory or WriteProcessMemory request was completed. (0x12B)
[1001/181901.570:ERROR:process_memory_win.cc(73)] ReadMemory at 0xb00250 of 60 bytes failed: Only part of a ReadProcessMemory or WriteProcessMemory request was completed. (0x12B)
[1001/181901.570:ERROR:process_memory_win.cc(73)] ReadMemory at 0xb002a0 of 64 bytes failed: Only part of a ReadProcessMemory or WriteProcessMemory request was completed. (0x12B)
[1001/181901.570:ERROR:process_memory_win.cc(73)] ReadMemory at 0xb002f0 of 58 bytes failed: Only part of a ReadProcessMemory or WriteProcessMemory request was completed. (0x12B)
[1001/181901.570:ERROR:process_memory_win.cc(73)] ReadMemory at 0xb00340 of 58 bytes failed: Only part of a ReadProcessMemory or WriteProcessMemory request was completed. (0x12B)
[1001/181901.570:ERROR:process_memory_win.cc(73)] ReadMemory at 0xb00390 of 60 bytes failed: Only part of a ReadProcessMemory or WriteProcessMemory request was completed. (0x12B)
[1001/181901.570:ERROR:process_memory_win.cc(73)] ReadMemory at 0xb003e0 of 62 bytes failed: Only part of a ReadProcessMemory or WriteProcessMemory request was completed. (0x12B)
[1001/181901.570:ERROR:process_memory_win.cc(73)] ReadMemory at 0xb00430 of 62 bytes failed: Only part of a ReadProcessMemory or WriteProcessMemory request was completed. (0x12B)
[1001/181901.570:ERROR:process_memory_win.cc(73)] ReadMemory at 0xb00480 of 62 bytes failed: Only part of a ReadProcessMemory or WriteProcessMemory request was completed. (0x12B)
[1001/181901.571:ERROR:process_memory_win.cc(73)] ReadMemory at 0xb004d0 of 62 bytes failed: Only part of a ReadProcessMemory or WriteProcessMemory request was completed. (0x12B)
[1001/181901.580:ERROR:process_memory_win.cc(73)] ReadMemory at 0xb00520 of 64 bytes failed: Only part of a ReadProcessMemory or WriteProcessMemory request was completed. (0x12B)
[1001/181901.580:ERROR:process_memory_win.cc(73)] ReadMemory at 0xb00570 of 62 bytes failed: Only part of a ReadProcessMemory or WriteProcessMemory request was completed. (0x12B)
[1001/181901.580:ERROR:process_memory_win.cc(73)] ReadMemory at 0xb005c0 of 60 bytes failed: Only part of a ReadProcessMemory or WriteProcessMemory request was completed. (0x12B)
[1001/181901.580:ERROR:process_memory_win.cc(73)] ReadMemory at 0xb00610 of 60 bytes failed: Only part of a ReadProcessMemory or WriteProcessMemory request was completed. (0x12B)
[1001/181901.580:ERROR:process_memory_win.cc(73)] ReadMemory at 0xb00660 of 64 bytes failed: Only part of a ReadProcessMemory or WriteProcessMemory request was completed. (0x12B)
[1001/181901.580:ERROR:process_memory_win.cc(73)] ReadMemory at 0xb006b0 of 62 bytes failed: Only part of a ReadProcessMemory or WriteProcessMemory request was completed. (0x12B)
[1001/181901.580:ERROR:process_memory_win.cc(73)] ReadMemory at 0xb00700 of 62 bytes failed: Only part of a ReadProcessMemory or WriteProcessMemory request was completed. (0x12B)
[1001/181901.580:ERROR:process_memory_win.cc(73)] ReadMemory at 0xb00750 of 58 bytes failed: Only part of a ReadProcessMemory or WriteProcessMemory request was completed. (0x12B)
[1001/181901.580:ERROR:process_memory_win.cc(73)] ReadMemory at 0xb007a0 of 64 bytes failed: Only part of a ReadProcessMemory or WriteProcessMemory request was completed. (0x12B)
[1001/181901.580:ERROR:process_memory_win.cc(73)] ReadMemory at 0xb03880 of 54 bytes failed: Only part of a ReadProcessMemory or WriteProcessMemory request was completed. (0x12B)
[1001/181901.581:ERROR:process_memory_win.cc(73)] ReadMemory at 0xb05720 of 134 bytes failed: Only part of a ReadProcessMemory or WriteProcessMemory request was completed. (0x12B)
[1001/181901.581:ERROR:process_memory_win.cc(73)] ReadMemory at 0xb05810 of 132 bytes failed: Only part of a ReadProcessMemory or WriteProcessMemory request was completed. (0x12B)
[1001/181901.581:ERROR:process_memory_win.cc(73)] ReadMemory at 0xb05900 of 132 bytes failed: Only part of a ReadProcessMemory or WriteProcessMemory request was completed. (0x12B)
[1001/181901.581:ERROR:process_memory_win.cc(73)] ReadMemory at 0xb059f0 of 132 bytes failed: Only part of a ReadProcessMemory or WriteProcessMemory request was completed. (0x12B)
[1001/181901.581:ERROR:process_memory_win.cc(73)] ReadMemory at 0xb05ae0 of 132 bytes failed: Only part of a ReadProcessMemory or WriteProcessMemory request was completed. (0x12B)
[1001/181901.581:ERROR:process_memory_win.cc(73)] ReadMemory at 0xb05bd0 of 132 bytes failed: Only part of a ReadProcessMemory or WriteProcessMemory request was completed. (0x12B)
[1001/181901.581:ERROR:process_memory_win.cc(73)] ReadMemory at 0xb05e00 of 132 bytes failed: Only part of a ReadProcessMemory or WriteProcessMemory request was completed. (0x12B)
[1001/181901.599:ERROR:process_memory_win.cc(73)] ReadMemory at 0xb0b3a0 of 80 bytes failed: Only part of a ReadProcessMemory or WriteProcessMemory request was completed. (0x12B)
[1001/181901.599:ERROR:process_memory_win.cc(73)] ReadMemory at 0xb0def0 of 132 bytes failed: Only part of a ReadProcessMemory or WriteProcessMemory request was completed. (0x12B)
[1001/181901.599:ERROR:process_memory_win.cc(73)] ReadMemory at 0xb0dfe0 of 132 bytes failed: Only part of a ReadProcessMemory or WriteProcessMemory request was completed. (0x12B)
[1001/181901.599:ERROR:process_memory_win.cc(73)] ReadMemory at 0xb0e0d0 of 132 bytes failed: Only part of a ReadProcessMemory or WriteProcessMemory request was completed. (0x12B)
[1001/181901.599:ERROR:process_memory_win.cc(73)] ReadMemory at 0xb0e1c0 of 132 bytes failed: Only part of a ReadProcessMemory or WriteProcessMemory request was completed. (0x12B)
[1001/181901.599:ERROR:process_memory_win.cc(73)] ReadMemory at 0xb0e2b0 of 132 bytes failed: Only part of a ReadProcessMemory or WriteProcessMemory request was completed. (0x12B)
[1001/181901.599:ERROR:process_memory_win.cc(73)] ReadMemory at 0xb0e3a0 of 132 bytes failed: Only part of a ReadProcessMemory or WriteProcessMemory request was completed. (0x12B)
[1001/181901.599:ERROR:process_memory_win.cc(73)] ReadMemory at 0xb0e490 of 132 bytes failed: Only part of a ReadProcessMemory or WriteProcessMemory request was completed. (0x12B)
[1001/181901.599:ERROR:process_memory_win.cc(73)] ReadMemory at 0xb0e580 of 132 bytes failed: Only part of a ReadProcessMemory or WriteProcessMemory request was completed. (0x12B)
[1001/181901.600:ERROR:process_memory_win.cc(73)] ReadMemory at 0xb0e670 of 132 bytes failed: Only part of a ReadProcessMemory or WriteProcessMemory request was completed. (0x12B)
[1001/181901.600:ERROR:process_memory_win.cc(73)] ReadMemory at 0xb0e760 of 132 bytes failed: Only part of a ReadProcessMemory or WriteProcessMemory request was completed. (0x12B)
[1001/181901.600:ERROR:process_memory_win.cc(73)] ReadMemory at 0xb0e850 of 132 bytes failed: Only part of a ReadProcessMemory or WriteProcessMemory request was completed. (0x12B)
[1001/181901.600:ERROR:process_memory_win.cc(73)] ReadMemory at 0xb0e940 of 132 bytes failed: Only part of a ReadProcessMemory or WriteProcessMemory request was completed. (0x12B)
[1001/181901.600:ERROR:process_memory_win.cc(73)] ReadMemory at 0xb0ea30 of 132 bytes failed: Only part of a ReadProcessMemory or WriteProcessMemory request was completed. (0x12B)
[1001/181901.600:ERROR:process_memory_win.cc(73)] ReadMemory at 0xb0eb20 of 132 bytes failed: Only part of a ReadProcessMemory or WriteProcessMemory request was completed. (0x12B)
[1001/181901.600:ERROR:process_memory_win.cc(73)] ReadMemory at 0xb0ec10 of 132 bytes failed: Only part of a ReadProcessMemory or WriteProcessMemory request was completed. (0x12B)
[1001/181901.600:ERROR:process_memory_win.cc(73)] ReadMemory at 0xb0ed00 of 132 bytes failed: Only part of a ReadProcessMemory or WriteProcessMemory request was completed. (0x12B)
[1001/181901.600:ERROR:process_memory_win.cc(73)] ReadMemory at 0xb0edf0 of 132 bytes failed: Only part of a ReadProcessMemory or WriteProcessMemory request was completed. (0x12B)
[1001/181901.600:ERROR:process_memory_win.cc(73)] ReadMemory at 0xb0eee0 of 132 bytes failed: Only part of a ReadProcessMemory or WriteProcessMemory request was completed. (0x12B)
[1001/181901.600:ERROR:process_memory_win.cc(73)] ReadMemory at 0xb0efd0 of 132 bytes failed: Only part of a ReadProcessMemory or WriteProcessMemory request was completed. (0x12B)
[1001/181901.602:ERROR:process_memory_win.cc(73)] ReadMemory at 0xb0f0c0 of 132 bytes failed: Only part of a ReadProcessMemory or WriteProcessMemory request was completed. (0x12B)
[1001/181901.602:ERROR:process_memory_win.cc(73)] ReadMemory at 0xb0f1b0 of 132 bytes failed: Only part of a ReadProcessMemory or WriteProcessMemory request was completed. (0x12B)
[1001/181901.602:ERROR:process_memory_win.cc(73)] ReadMemory at 0xb0f2a0 of 132 bytes failed: Only part of a ReadProcessMemory or WriteProcessMemory request was completed. (0x12B)
[1001/181901.603:ERROR:process_memory_win.cc(73)] ReadMemory at 0xb0f390 of 132 bytes failed: Only part of a ReadProcessMemory or WriteProcessMemory request was completed. (0x12B)
[1001/181901.603:ERROR:process_memory_win.cc(73)] ReadMemory at 0xb0f480 of 132 bytes failed: Only part of a ReadProcessMemory or WriteProcessMemory request was completed. (0x12B)
[1001/181901.603:ERROR:process_memory_win.cc(73)] ReadMemory at 0xb0f570 of 132 bytes failed: Only part of a ReadProcessMemory or WriteProcessMemory request was completed. (0x12B)
[1001/181901.603:ERROR:process_memory_win.cc(73)] ReadMemory at 0xb0f660 of 132 bytes failed: Only part of a ReadProcessMemory or WriteProcessMemory request was completed. (0x12B)
[1001/181901.603:ERROR:process_memory_win.cc(73)] ReadMemory at 0xb0f750 of 132 bytes failed: Only part of a ReadProcessMemory or WriteProcessMemory request was completed. (0x12B)
[1001/181901.603:ERROR:process_memory_win.cc(73)] ReadMemory at 0xb0f840 of 132 bytes failed: Only part of a ReadProcessMemory or WriteProcessMemory request was completed. (0x12B)
[1001/181901.603:ERROR:process_memory_win.cc(73)] ReadMemory at 0xb0fb10 of 132 bytes failed: Only part of a ReadProcessMemory or WriteProcessMemory request was completed. (0x12B)
[1001/181901.603:ERROR:process_memory_win.cc(73)] ReadMemory at 0xb0fcf0 of 132 bytes failed: Only part of a ReadProcessMemory or WriteProcessMemory request was completed. (0x12B)
[1001/181901.603:ERROR:process_memory_win.cc(73)] ReadMemory at 0xb10b40 of 54 bytes failed: Only part of a ReadProcessMemory or WriteProcessMemory request was completed. (0x12B)
[1001/181901.604:ERROR:process_memory_win.cc(73)] ReadMemory at 0xb1c090 of 512 bytes failed: Only part of a ReadProcessMemory or WriteProcessMemory request was completed. (0x12B)
[1001/181901.604:ERROR:process_memory_win.cc(73)] ReadMemory at 0xb3fac8 of 512 bytes failed: Only part of a ReadProcessMemory or WriteProcessMemory request was completed. (0x12B)
[1001/181901.604:ERROR:process_memory_win.cc(73)] ReadMemory at 0xb41020 of 62 bytes failed: Only part of a ReadProcessMemory or WriteProcessMemory request was completed. (0x12B)
[1001/181901.604:ERROR:process_memory_win.cc(73)] ReadMemory at 0xb41070 of 62 bytes failed: Only part of a ReadProcessMemory or WriteProcessMemory request was completed. (0x12B)
[1001/181901.604:ERROR:process_memory_win.cc(73)] ReadMemory at 0xb413e0 of 66 bytes failed: Only part of a ReadProcessMemory or WriteProcessMemory request was completed. (0x12B)
[1001/181901.604:ERROR:process_memory_win.cc(73)] ReadMemory at 0xb87080 of 512 bytes failed: Only part of a ReadProcessMemory or WriteProcessMemory request was completed. (0x12B)
[1001/181901.605:ERROR:process_memory_win.cc(73)] ReadMemory at 0xb8ab30 of 512 bytes failed: Only part of a ReadProcessMemory or WriteProcessMemory request was completed. (0x12B)
[1001/181901.605:ERROR:process_memory_win.cc(73)] ReadMemory at 0xb909e0 of 512 bytes failed: Only part of a ReadProcessMemory or WriteProcessMemory request was completed. (0x12B)
[1001/181901.605:ERROR:process_memory_win.cc(73)] ReadMemory at 0xb92580 of 512 bytes failed: Only part of a ReadProcessMemory or WriteProcessMemory request was completed. (0x12B)
[1001/181901.605:ERROR:process_memory_win.cc(73)] ReadMemory at 0xb97df0 of 592 bytes failed: Only part of a ReadProcessMemory or WriteProcessMemory request was completed. (0x12B)
[1001/181901.605:ERROR:process_memory_win.cc(73)] ReadMemory at 0xba4390 of 712 bytes failed: Only part of a ReadProcessMemory or WriteProcessMemory request was completed. (0x12B)
[1001/181901.605:ERROR:process_memory_win.cc(73)] ReadMemory at 0xba7920 of 512 bytes failed: Only part of a ReadProcessMemory or WriteProcessMemory request was completed. (0x12B)
[1001/181901.605:ERROR:process_memory_win.cc(73)] ReadMemory at 0xbb4290 of 512 bytes failed: Only part of a ReadProcessMemory or WriteProcessMemory request was completed. (0x12B)
[1001/181901.605:ERROR:process_memory_win.cc(73)] ReadMemory at 0xbb9440 of 512 bytes failed: Only part of a ReadProcessMemory or WriteProcessMemory request was completed. (0x12B)
[1001/181901.605:ERROR:process_memory_win.cc(73)] ReadMemory at 0xbc9258 of 512 bytes failed: Only part of a ReadProcessMemory or WriteProcessMemory request was completed. (0x12B)
[1001/181901.605:ERROR:process_memory_win.cc(73)] ReadMemory at 0x3dd3420 of 512 bytes failed: Only part of a ReadProcessMemory or WriteProcessMemory request was completed. (0x12B)
[1001/181901.606:ERROR:process_memory_win.cc(73)] ReadMemory at 0x3e59488 of 512 bytes failed: Only part of a ReadProcessMemory or WriteProcessMemory request was completed. (0x12B)
[1001/181901.606:ERROR:process_memory_win.cc(73)] ReadMemory at 0x6ca4ec0 of 512 bytes failed: Only part of a ReadProcessMemory or WriteProcessMemory request was completed. (0x12B)
[1001/181901.606:ERROR:process_memory_win.cc(73)] ReadMemory at 0x6ca87b0 of 512 bytes failed: Only part of a ReadProcessMemory or WriteProcessMemory request was completed. (0x12B)
[1001/181901.606:ERROR:process_memory_win.cc(73)] ReadMemory at 0x6cafca0 of 512 bytes failed: Only part of a ReadProcessMemory or WriteProcessMemory request was completed. (0x12B)
[1001/181901.606:ERROR:process_memory_win.cc(73)] ReadMemory at 0x6ccdab0 of 512 bytes failed: Only part of a ReadProcessMemory or WriteProcessMemory request was completed. (0x12B)
[1001/181901.606:ERROR:process_memory_win.cc(73)] ReadMemory at 0xabaea60 of 512 bytes failed: Only part of a ReadProcessMemory or WriteProcessMemory request was completed. (0x12B)
[1001/181901.606:ERROR:process_memory_win.cc(73)] ReadMemory at 0xac97510 of 512 bytes failed: Only part of a ReadProcessMemory or WriteProcessMemory request was completed. (0x12B)
[1001/181901.606:ERROR:process_memory_win.cc(73)] ReadMemory at 0xad7a1f0 of 512 bytes failed: Only part of a ReadProcessMemory or WriteProcessMemory request was completed. (0x12B)
[1001/181901.606:ERROR:process_memory_win.cc(73)] ReadMemory at 0xc59d950 of 512 bytes failed: Only part of a ReadProcessMemory or WriteProcessMemory request was completed. (0x12B)
[1001/181901.606:ERROR:process_memory_win.cc(73)] ReadMemory at 0xc59def0 of 976 bytes failed: Only part of a ReadProcessMemory or WriteProcessMemory request was completed. (0x12B)
[1001/181901.607:ERROR:process_memory_win.cc(73)] ReadMemory at 0xc5c8720 of 512 bytes failed: Only part of a ReadProcessMemory or WriteProcessMemory request was completed. (0x12B)
[1001/181901.607:ERROR:process_memory_win.cc(73)] ReadMemory at 0xc64fb78 of 512 bytes failed: Only part of a ReadProcessMemory or WriteProcessMemory request was completed. (0x12B)
[1001/181901.607:ERROR:process_memory_win.cc(73)] ReadMemory at 0xffbcab0 of 512 bytes failed: Only part of a ReadProcessMemory or WriteProcessMemory request was completed. (0x12B)
[1001/181901.607:ERROR:process_memory_win.cc(73)] ReadMemory at 0x115fd090 of 528 bytes failed: Only part of a ReadProcessMemory or WriteProcessMemory request was completed. (0x12B)
[1001/181901.607:ERROR:process_memory_win.cc(73)] ReadMemory at 0x16a8cd10 of 512 bytes failed: Only part of a ReadProcessMemory or WriteProcessMemory request was completed. (0x12B)
[1001/181901.607:ERROR:process_memory_win.cc(73)] ReadMemory at 0x76d6b228 of 512 bytes failed: Only part of a ReadProcessMemory or WriteProcessMemory request was completed. (0x12B)
[1001/181901.607:ERROR:process_memory_win.cc(73)] ReadMemory at 0x76e87bc8 of 18 bytes failed: Only part of a ReadProcessMemory or WriteProcessMemory request was completed. (0x12B)
[1001/181901.607:ERROR:process_memory_win.cc(73)] ReadMemory at 0x76e8a6c8 of 576 bytes failed: Only part of a ReadProcessMemory or WriteProcessMemory request was completed. (0x12B)
[1001/181901.607:ERROR:process_memory_win.cc(73)] ReadMemory at 0x76e8a928 of 672 bytes failed: Only part of a ReadProcessMemory or WriteProcessMemory request was completed. (0x12B)
[1001/181901.607:ERROR:process_memory_win.cc(73)] ReadMemory at 0x76ee976a of 592 bytes failed: Only part of a ReadProcessMemory or WriteProcessMemory request was completed. (0x12B)
[1001/181901.608:ERROR:process_memory_win.cc(73)] ReadMemory at 0x76ee9a6a of 512 bytes failed: Only part of a ReadProcessMemory or WriteProcessMemory request was completed. (0x12B)
[1001/181901.608:ERROR:process_memory_win.cc(73)] ReadMemory at 0x76ee9cda of 512 bytes failed: Only part of a ReadProcessMemory or WriteProcessMemory request was completed. (0x12B)
[1001/181901.608:ERROR:process_memory_win.cc(73)] ReadMemory at 0x76eeb01a of 528 bytes failed: Only part of a ReadProcessMemory or WriteProcessMemory request was completed. (0x12B)
[1001/181901.608:ERROR:process_memory_win.cc(73)] ReadMemory at 0x76f79410 of 512 bytes failed: Only part of a ReadProcessMemory or WriteProcessMemory request was completed. (0x12B)
[1001/181901.608:ERROR:process_memory_win.cc(73)] ReadMemory at 0x76fa80d8 of 40 bytes failed: Only part of a ReadProcessMemory or WriteProcessMemory request was completed. (0x12B)
[1001/181901.608:ERROR:process_memory_win.cc(73)] ReadMemory at 0x76fb2dc0 of 48 bytes failed: Only part of a ReadProcessMemory or WriteProcessMemory request was completed. (0x12B)
[1001/181901.608:ERROR:process_memory_win.cc(73)] ReadMemory at 0x76fb2e40 of 64 bytes failed: Only part of a ReadProcessMemory or WriteProcessMemory request was completed. (0x12B)
[1001/181901.608:ERROR:process_memory_win.cc(73)] ReadMemory at 0x7aa080880a0 of 512 bytes failed: Only part of a ReadProcessMemory or WriteProcessMemory request was completed. (0x12B)
[1001/181901.608:ERROR:process_memory_win.cc(73)] ReadMemory at 0x7aa08631ae5 of 512 bytes failed: Only part of a ReadProcessMemory or WriteProcessMemory request was completed. (0x12B)
[1001/181901.608:ERROR:process_memory_win.cc(73)] ReadMemory at 0x7fede456cd0 of 512 bytes failed: Only part of a ReadProcessMemory or WriteProcessMemory request was completed. (0x12B)
[1001/181901.608:ERROR:process_memory_win.cc(73)] ReadMemory at 0x7fee0797971 of 512 bytes failed: Only part of a ReadProcessMemory or WriteProcessMemory request was completed. (0x12B)
[1001/181901.609:ERROR:process_memory_win.cc(73)] ReadMemory at 0x7fee5f29680 of 512 bytes failed: Only part of a ReadProcessMemory or WriteProcessMemory request was completed. (0x12B)
[1001/181901.609:ERROR:process_memory_win.cc(73)] ReadMemory at 0x7fef5bea1a0 of 512 bytes failed: Only part of a ReadProcessMemory or WriteProcessMemory request was completed. (0x12B)
[1001/181901.609:ERROR:process_memory_win.cc(73)] ReadMemory at 0x7fefca1b7fd of 512 bytes failed: Only part of a ReadProcessMemory or WriteProcessMemory request was completed. (0x12B)
[1001/181901.609:ERROR:process_memory_win.cc(73)] ReadMemory at 0x7fffff9e000 of 6024 bytes failed: Only part of a ReadProcessMemory or WriteProcessMemory request was completed. (0x12B)
[1001/181901.609:ERROR:process_memory_win.cc(73)] ReadMemory at 0x7fffffa0000 of 6024 bytes failed: Only part of a ReadProcessMemory or WriteProcessMemory request was completed. (0x12B)
[1001/181901.609:ERROR:process_memory_win.cc(73)] ReadMemory at 0x7fffffa2000 of 6024 bytes failed: Only part of a ReadProcessMemory or WriteProcessMemory request was completed. (0x12B)
[1001/181901.609:ERROR:process_memory_win.cc(73)] ReadMemory at 0x7fffffa4000 of 6024 bytes failed: Only part of a ReadProcessMemory or WriteProcessMemory request was completed. (0x12B)
[1001/181901.610:ERROR:process_memory_win.cc(73)] ReadMemory at 0x7fffffa6000 of 6024 bytes failed: Only part of a ReadProcessMemory or WriteProcessMemory request was completed. (0x12B)
[1001/181901.610:ERROR:process_memory_win.cc(73)] ReadMemory at 0x7fffffa8000 of 6024 bytes failed: Only part of a ReadProcessMemory or WriteProcessMemory request was completed. (0x12B)
[1001/181901.610:ERROR:process_memory_win.cc(73)] ReadMemory at 0x7fffffaa000 of 6024 bytes failed: Only part of a ReadProcessMemory or WriteProcessMemory request was completed. (0x12B)
[1001/181901.610:ERROR:process_memory_win.cc(73)] ReadMemory at 0x7fffffac000 of 6024 bytes failed: Only part of a ReadProcessMemory or WriteProcessMemory request was completed. (0x12B)
[1001/181901.610:ERROR:process_memory_win.cc(73)] ReadMemory at 0x7fffffae000 of 6024 bytes failed: Only part of a ReadProcessMemory or WriteProcessMemory request was completed. (0x12B)
[1001/181901.610:ERROR:process_memory_win.cc(73)] ReadMemory at 0x7fffffd3000 of 6024 bytes failed: Only part of a ReadProcessMemory or WriteProcessMemory request was completed. (0x12B)
[1001/181901.614:ERROR:process_memory_win.cc(73)] ReadMemory at 0x7fffffd5000 of 6024 bytes failed: Only part of a ReadProcessMemory or WriteProcessMemory request was completed. (0x12B)
[1001/181901.614:ERROR:process_memory_win.cc(73)] ReadMemory at 0x7fffffd7000 of 6024 bytes failed: Only part of a ReadProcessMemory or WriteProcessMemory request was completed. (0x12B)
[1001/181901.614:ERROR:process_memory_win.cc(73)] ReadMemory at 0x7fffffd9000 of 6024 bytes failed: Only part of a ReadProcessMemory or WriteProcessMemory request was completed. (0x12B)
[1001/181901.615:ERROR:process_memory_win.cc(73)] ReadMemory at 0x7fffffdb000 of 6024 bytes failed: Only part of a ReadProcessMemory or WriteProcessMemory request was completed. (0x12B)
[1001/181901.615:ERROR:process_memory_win.cc(73)] ReadMemory at 0x7fffffdd000 of 852 bytes failed: Only part of a ReadProcessMemory or WriteProcessMemory request was completed. (0x12B)
[1001/181901.615:ERROR:process_memory_win.cc(73)] ReadMemory at 0x7fffffde000 of 6024 bytes failed: Only part of a ReadProcessMemory or WriteProcessMemory request was completed. (0x12B)
[1001/181901.617:ERROR:scoped_process_suspend.cc(40)] NtResumeProcess: An attempt was made to access an exiting process. (0xc000010a)
[1001/194033.779:ERROR:process_info.cc(329)] VirtualQueryEx: Access is denied. (0x5)
[1001/194033.814:ERROR:process_info.cc(556)] ReadMemoryInfo failed
[1001/194033.814:ERROR:process_memory_win.cc(39)] Failed to initialize ProcessInfo.
[1001/194033.814:ERROR:scoped_process_suspend.cc(40)] NtResumeProcess: An attempt was made to access an exiting process. (0xc000010a)
[1001/200604.720:ERROR:process_info.cc(329)] VirtualQueryEx: Access is denied. (0x5)
[1001/200604.744:ERROR:process_info.cc(556)] ReadMemoryInfo failed
[1001/200604.744:ERROR:process_memory_win.cc(39)] Failed to initialize ProcessInfo.
[1001/200604.744:ERROR:scoped_process_suspend.cc(40)] NtResumeProcess: An attempt was made to access an exiting process. (0xc000010a)
[1001/201953.108:ERROR:process_reader_win.cc(151)] SuspendThread: Access is denied. (0x5)
[1001/201953.133:ERROR:process_reader_win.cc(123)] NtOpenThread: An invalid Client ID was specified. (0xc000000b)
[1001/201953.152:ERROR:process_reader_win.cc(123)] NtOpenThread: An invalid Client ID was specified. (0xc000000b)
[1001/201953.152:ERROR:process_reader_win.cc(123)] NtOpenThread: An invalid Client ID was specified. (0xc000000b)
[1001/201953.152:ERROR:process_reader_win.cc(123)] NtOpenThread: An invalid Client ID was specified. (0xc000000b)
[1001/201953.152:ERROR:process_reader_win.cc(123)] NtOpenThread: An invalid Client ID was specified. (0xc000000b)
[1001/201953.152:ERROR:process_reader_win.cc(123)] NtOpenThread: An invalid Client ID was specified. (0xc000000b)
[1001/201953.152:ERROR:process_reader_win.cc(123)] NtOpenThread: An invalid Client ID was specified. (0xc000000b)
[1001/201953.152:ERROR:exception_snapshot_win.cc(99)] thread ID 208 not found in process
[1001/201953.152:ERROR:scoped_process_suspend.cc(40)] NtResumeProcess: An attempt was made to access an exiting process. (0xc000010a)
[1001/203639.171:ERROR:process_reader_win.cc(151)] SuspendThread: Access is denied. (0x5)
[1001/203639.210:ERROR:process_reader_win.cc(151)] SuspendThread: Access is denied. (0x5)
[1001/203639.210:ERROR:process_reader_win.cc(151)] SuspendThread: Access is denied. (0x5)
[1001/203639.210:ERROR:process_reader_win.cc(151)] SuspendThread: Access is denied. (0x5)
[1001/203639.210:ERROR:process_reader_win.cc(151)] SuspendThread: Access is denied. (0x5)
[1001/203639.210:ERROR:process_reader_win.cc(151)] SuspendThread: Access is denied. (0x5)
[1001/203639.210:ERROR:process_reader_win.cc(151)] SuspendThread: Access is denied. (0x5)
[1001/203639.210:ERROR:process_reader_win.cc(151)] SuspendThread: Access is denied. (0x5)
[1001/203639.210:ERROR:exception_snapshot_win.cc(99)] thread ID 2616 not found in process
[1002/122642.148:ERROR:scoped_process_suspend.cc(31)] NtSuspendProcess: An attempt was made to access an exiting process. (0xc000010a)
[1002/122642.181:ERROR:process_info.cc(118)] ReadProcessMemory bool __cdecl crashpad::(anonymous namespace)::ReadStruct(HANDLE, crashpad::WinVMAddress, T *) [T = crashpad::process_types::PEB<crashpad::process_types::internal::Traits64>]: Only part of a ReadProcessMemory or WriteProcessMemory request was completed. (0x12B)
[1002/122642.203:ERROR:process_info.cc(551)] ReadProcessData failed
[1002/132427.208:ERROR:scoped_process_suspend.cc(31)] NtSuspendProcess: An attempt was made to access an exiting process. (0xc000010a)
[1002/132427.285:ERROR:process_info.cc(118)] ReadProcessMemory bool __cdecl crashpad::(anonymous namespace)::ReadStruct(HANDLE, crashpad::WinVMAddress, T *) [T = crashpad::process_types::PEB<crashpad::process_types::internal::Traits64>]: Only part of a ReadProcessMemory or WriteProcessMemory request was completed. (0x12B)
[1002/132427.309:ERROR:process_info.cc(551)] ReadProcessData failed
